<?xml version="1.0" encoding="UTF-8"?>
<!-- Generated by org.testng.reporters.JUnitXMLReporter -->
<testsuite hostname="HDC3-L-6K6R0X2" ignored="0" name="Default test" tests="10" failures="0" timestamp="19 Jan 2021 09:06:06 GMT" time="71.149" errors="0">
  <testcase name="newCustomer" time="5.521" classname="com.guru.qa.testcases.NewCustomerTest2"/>
  <testcase name="newCustomer" time="4.807" classname="com.guru.qa.testcases.NewCustomerTest2"/>
  <testcase name="newCustomer" time="4.76" classname="com.guru.qa.testcases.NewCustomerTest2"/>
  <testcase name="newCustomer" time="4.634" classname="com.guru.qa.testcases.NewCustomerTest2"/>
  <testcase name="newCustomer" time="4.604" classname="com.guru.qa.testcases.NewCustomerTest2"/>
  <testcase name="newCustomer" time="4.556" classname="com.guru.qa.testcases.NewCustomerTest2"/>
  <testcase name="newCustomer" time="4.685" classname="com.guru.qa.testcases.NewCustomerTest2"/>
  <testcase name="newCustomer" time="4.709" classname="com.guru.qa.testcases.NewCustomerTest2"/>
  <testcase name="newCustomer" time="4.645" classname="com.guru.qa.testcases.NewCustomerTest2"/>
  <testcase name="newCustomer" time="4.769" classname="com.guru.qa.testcases.NewCustomerTest2"/>
</testsuite> <!-- Default test -->
